<?xml version="1.0" encoding="UTF-8"?>
<!-- Generated by org.testng.reporters.JUnitReportReporter -->
<testsuite hostname="Mahender-Reddy" failures="0" tests="3" name="Testng_package.crossbrowsertesting" time="14.387" errors="1" timestamp="2025-08-14T15:11:52 IST" skipped="0">
  <testcase classname="Testng_package.crossbrowsertesting" name="firefoxbrowser" time="7.912"/>
  <testcase classname="Testng_package.crossbrowsertesting" name="edgebrowser" time="0.024">
    <error message="Could not start a new session. Possible causes are invalid address of the remote server or browser start-up failure. 
Host info: host: &#039;MAHENDER-REDDY&#039;, ip: &#039;192.168.1.3&#039;
Build info: version: &#039;4.34.0&#039;, revision: &#039;2a4c61c498&#039;
System info: os.name: &#039;Windows 11&#039;, os.arch: &#039;amd64&#039;, os.version: &#039;10.0&#039;, java.version: &#039;24.0.2&#039;
Driver info: org.openqa.selenium.edge.EdgeDriver
Command: [null, newSession {capabilities=[Capabilities {browserName: MicrosoftEdge, ms:edgeOptions: {args: [], extensions: []}}]}]" type="org.openqa.selenium.SessionNotCreatedException">
      <![CDATA[org.openqa.selenium.SessionNotCreatedException: Could not start a new session. Possible causes are invalid address of the remote server or browser start-up failure. 
Host info: host: 'MAHENDER-REDDY', ip: '192.168.1.3'
Build info: version: '4.34.0', revision: '2a4c61c498'
System info: os.name: 'Windows 11', os.arch: 'amd64', os.version: '10.0', java.version: '24.0.2'
Driver info: org.openqa.selenium.edge.EdgeDriver
Command: [null, newSession {capabilities=[Capabilities {browserName: MicrosoftEdge, ms:edgeOptions: {args: [], extensions: []}}]}]
at org.openqa.selenium.remote.RemoteWebDriver.execute(RemoteWebDriver.java:562)
at org.openqa.selenium.remote.RemoteWebDriver.startSession(RemoteWebDriver.java:244)
at org.openqa.selenium.remote.RemoteWebDriver.<init>(RemoteWebDriver.java:173)
at org.openqa.selenium.chromium.ChromiumDriver.<init>(ChromiumDriver.java:110)
at org.openqa.selenium.edge.EdgeDriver.<init>(EdgeDriver.java:60)
at org.openqa.selenium.edge.EdgeDriver.<init>(EdgeDriver.java:56)
at org.openqa.selenium.edge.EdgeDriver.<init>(EdgeDriver.java:48)
at org.openqa.selenium.edge.EdgeDriver.<init>(EdgeDriver.java:44)
at Testng_package.crossbrowsertesting.edgebrowser(crossbrowsertesting.java:25)
at java.base/jdk.internal.reflect.DirectMethodHandleAccessor.invoke(DirectMethodHandleAccessor.java:104)
at java.base/java.lang.reflect.Method.invoke(Method.java:565)
at org.testng.internal.invokers.MethodInvocationHelper.invokeMethod(MethodInvocationHelper.java:141)
at org.testng.internal.invokers.TestInvoker.invokeMethod(TestInvoker.java:687)
at org.testng.internal.invokers.TestInvoker.invokeTestMethod(TestInvoker.java:230)
at org.testng.internal.invokers.MethodRunner.runInSequence(MethodRunner.java:63)
at org.testng.internal.invokers.TestInvoker$MethodInvocationAgent.invoke(TestInvoker.java:995)
at org.testng.internal.invokers.TestInvoker.invokeTestMethods(TestInvoker.java:203)
at org.testng.internal.invokers.TestMethodWorker.invokeTestMethods(TestMethodWorker.java:154)
at org.testng.internal.invokers.TestMethodWorker.run(TestMethodWorker.java:134)
at java.base/java.util.ArrayList.forEach(ArrayList.java:1604)
at org.testng.TestRunner.privateRun(TestRunner.java:741)
at org.testng.TestRunner.run(TestRunner.java:616)
at org.testng.SuiteRunner.runTest(SuiteRunner.java:421)
at org.testng.SuiteRunner.runSequentially(SuiteRunner.java:413)
at org.testng.SuiteRunner.privateRun(SuiteRunner.java:373)
at org.testng.SuiteRunner.run(SuiteRunner.java:312)
at org.testng.SuiteRunnerWorker.runSuite(SuiteRunnerWorker.java:52)
at org.testng.SuiteRunnerWorker.run(SuiteRunnerWorker.java:95)
at org.testng.TestNG.runSuitesSequentially(TestNG.java:1274)
at org.testng.TestNG.runSuitesLocally(TestNG.java:1208)
at org.testng.TestNG.runSuites(TestNG.java:1112)
at org.testng.TestNG.run(TestNG.java:1079)
at org.testng.remote.AbstractRemoteTestNG.run(AbstractRemoteTestNG.java:115)
at org.testng.remote.RemoteTestNG.initAndRun(RemoteTestNG.java:293)
at org.testng.remote.RemoteTestNG.main(RemoteTestNG.java:91)
Caused by: java.io.UncheckedIOException: java.io.IOException: Cannot run program "C:\Users\mahender reddy\OneDrive\Desktop\selenium and chrome\edgedriver_win64 (1)": CreateProcess error=5, Access is denied
at org.openqa.selenium.os.ExternalProcess$Builder.start(ExternalProcess.java:195)
at org.openqa.selenium.remote.service.DriverService.start(DriverService.java:213)
at org.openqa.selenium.remote.service.DriverCommandExecutor.execute(DriverCommandExecutor.java:117)
at org.openqa.selenium.remote.RemoteWebDriver.execute(RemoteWebDriver.java:544)
... 34 more
Caused by: java.io.IOException: Cannot run program "C:\Users\mahender reddy\OneDrive\Desktop\selenium and chrome\edgedriver_win64 (1)": CreateProcess error=5, Access is denied
at java.base/java.lang.ProcessBuilder.start(ProcessBuilder.java:1110)
at java.base/java.lang.ProcessBuilder.start(ProcessBuilder.java:1044)
at org.openqa.selenium.os.ExternalProcess$Builder.start(ExternalProcess.java:193)
... 37 more
Caused by: java.io.IOException: CreateProcess error=5, Access is denied
at java.base/java.lang.ProcessImpl.create(Native Method)
at java.base/java.lang.ProcessImpl.<init>(ProcessImpl.java:485)
at java.base/java.lang.ProcessImpl.start(ProcessImpl.java:146)
at java.base/java.lang.ProcessBuilder.start(ProcessBuilder.java:1076)
... 39 more
]]>
    </error>
  </testcase> <!-- edgebrowser -->
  <testcase classname="Testng_package.crossbrowsertesting" name="chromebrowser" time="6.451"/>
</testsuite> <!-- Testng_package.crossbrowsertesting -->
