<?xml version="1.0" encoding="UTF-8"?>
<!-- Generated by org.testng.reporters.JUnitReportReporter -->
<testsuite hostname="Mahender-Reddy" failures="0" tests="5" name="Testng_package.Testmultiple" time="8.531" errors="0" timestamp="2025-08-18T12:18:51 IST" skipped="0">
  <testcase classname="Testng_package.Testmultiple" name="title" time="1.836"/>
  <testcase classname="Testng_package.Testmultiple" name="title" time="1.330"/>
  <testcase classname="Testng_package.Testmultiple" name="title" time="2.501"/>
  <testcase classname="Testng_package.Testmultiple" name="title" time="1.310"/>
  <testcase classname="Testng_package.Testmultiple" name="title" time="1.554"/>
</testsuite> <!-- Testng_package.Testmultiple -->
