<?xml version="1.0" encoding="UTF-8"?>
<!-- Generated by org.testng.reporters.JUnitReportReporter -->
<testsuite hostname="Mahender-Reddy" failures="0" tests="3" name="Tetsing_package.NewTestparallel" time="15.985" errors="0" timestamp="2025-08-14T12:30:37 IST" skipped="0">
  <testcase classname="Tetsing_package.NewTestparallel" name="zerobank" time="6.185"/>
  <testcase classname="Tetsing_package.NewTestparallel" name="amazon" time="5.162"/>
  <testcase classname="Tetsing_package.NewTestparallel" name="flipkart" time="4.638"/>
</testsuite> <!-- Tetsing_package.NewTestparallel -->
